Determining if the function kstat_lookup exists in the kstat failed with the following output:
Change Dir: /Users/deep/Development/waterloop/wio-packages/pod-server-2019/cmake-build-debug/CMakeFiles/CMakeTmp

Run Build Command:"/usr/local/bin/gmake" "cmTC_fa5bc/fast"
/usr/local/bin/gmake -f CMakeFiles/cmTC_fa5bc.dir/build.make CMakeFiles/cmTC_fa5bc.dir/build
gmake[1]: Entering directory '/Users/deep/Development/waterloop/wio-packages/pod-server-2019/cmake-build-debug/CMakeFiles/CMakeTmp'
Building C object CMakeFiles/cmTC_fa5bc.dir/CheckFunctionExists.c.o
/Applications/Xcode.app/Contents/Developer/Toolchains/XcodeDefault.xctoolchain/usr/bin/cc   -DCHECK_FUNCTION_EXISTS=kstat_lookup -isysroot /Applications/Xcode.app/Contents/Developer/Platforms/MacOSX.platform/Developer/SDKs/MacOSX10.14.sdk   -std=c11 -o CMakeFiles/cmTC_fa5bc.dir/CheckFunctionExists.c.o   -c "/Users/deep/Library/Application Support/JetBrains/Toolbox/apps/CLion/ch-0/182.4505.18/CLion.app/Contents/bin/cmake/mac/share/cmake-3.12/Modules/CheckFunctionExists.c"
Linking C executable cmTC_fa5bc
"/Users/deep/Library/Application Support/JetBrains/Toolbox/apps/CLion/ch-0/182.4505.18/CLion.app/Contents/bin/cmake/mac/bin/cmake" -E cmake_link_script CMakeFiles/cmTC_fa5bc.dir/link.txt --verbose=1
/Applications/Xcode.app/Contents/Developer/Toolchains/XcodeDefault.xctoolchain/usr/bin/cc  -DCHECK_FUNCTION_EXISTS=kstat_lookup -isysroot /Applications/Xcode.app/Contents/Developer/Platforms/MacOSX.platform/Developer/SDKs/MacOSX10.14.sdk -Wl,-search_paths_first -Wl,-headerpad_max_install_names   CMakeFiles/cmTC_fa5bc.dir/CheckFunctionExists.c.o  -o cmTC_fa5bc  -L/Users/deep/Development/waterloop/wio-packages/pod-server-2019/cmake-build-debug/CMakeFiles/CMakeTmp/kstat.h -Wl,-rpath,/Users/deep/Development/waterloop/wio-packages/pod-server-2019/cmake-build-debug/CMakeFiles/CMakeTmp/kstat.h -lkstat 
ld: warning: directory not found for option '-L/Users/deep/Development/waterloop/wio-packages/pod-server-2019/cmake-build-debug/CMakeFiles/CMakeTmp/kstat.h'
ld: library not found for -lkstat
clang: error: linker command failed with exit code 1 (use -v to see invocation)
gmake[1]: *** [CMakeFiles/cmTC_fa5bc.dir/build.make:87: cmTC_fa5bc] Error 1
gmake[1]: Leaving directory '/Users/deep/Development/waterloop/wio-packages/pod-server-2019/cmake-build-debug/CMakeFiles/CMakeTmp'
gmake: *** [Makefile:121: cmTC_fa5bc/fast] Error 2


Determining if the function kvm_open exists in the kvm failed with the following output:
Change Dir: /Users/deep/Development/waterloop/wio-packages/pod-server-2019/cmake-build-debug/CMakeFiles/CMakeTmp

Run Build Command:"/usr/local/bin/gmake" "cmTC_50edc/fast"
/usr/local/bin/gmake -f CMakeFiles/cmTC_50edc.dir/build.make CMakeFiles/cmTC_50edc.dir/build
gmake[1]: Entering directory '/Users/deep/Development/waterloop/wio-packages/pod-server-2019/cmake-build-debug/CMakeFiles/CMakeTmp'
Building C object CMakeFiles/cmTC_50edc.dir/CheckFunctionExists.c.o
/Applications/Xcode.app/Contents/Developer/Toolchains/XcodeDefault.xctoolchain/usr/bin/cc   -DCHECK_FUNCTION_EXISTS=kvm_open -isysroot /Applications/Xcode.app/Contents/Developer/Platforms/MacOSX.platform/Developer/SDKs/MacOSX10.14.sdk   -std=c11 -o CMakeFiles/cmTC_50edc.dir/CheckFunctionExists.c.o   -c "/Users/deep/Library/Application Support/JetBrains/Toolbox/apps/CLion/ch-0/182.4505.18/CLion.app/Contents/bin/cmake/mac/share/cmake-3.12/Modules/CheckFunctionExists.c"
Linking C executable cmTC_50edc
"/Users/deep/Library/Application Support/JetBrains/Toolbox/apps/CLion/ch-0/182.4505.18/CLion.app/Contents/bin/cmake/mac/bin/cmake" -E cmake_link_script CMakeFiles/cmTC_50edc.dir/link.txt --verbose=1
/Applications/Xcode.app/Contents/Developer/Toolchains/XcodeDefault.xctoolchain/usr/bin/cc  -DCHECK_FUNCTION_EXISTS=kvm_open -isysroot /Applications/Xcode.app/Contents/Developer/Platforms/MacOSX.platform/Developer/SDKs/MacOSX10.14.sdk -Wl,-search_paths_first -Wl,-headerpad_max_install_names   CMakeFiles/cmTC_50edc.dir/CheckFunctionExists.c.o  -o cmTC_50edc  -L/Users/deep/Development/waterloop/wio-packages/pod-server-2019/cmake-build-debug/CMakeFiles/CMakeTmp/kvm.h -Wl,-rpath,/Users/deep/Development/waterloop/wio-packages/pod-server-2019/cmake-build-debug/CMakeFiles/CMakeTmp/kvm.h -lkvm 
ld: warning: directory not found for option '-L/Users/deep/Development/waterloop/wio-packages/pod-server-2019/cmake-build-debug/CMakeFiles/CMakeTmp/kvm.h'
ld: library not found for -lkvm
clang: error: linker command failed with exit code 1 (use -v to see invocation)
gmake[1]: *** [CMakeFiles/cmTC_50edc.dir/build.make:87: cmTC_50edc] Error 1
gmake[1]: Leaving directory '/Users/deep/Development/waterloop/wio-packages/pod-server-2019/cmake-build-debug/CMakeFiles/CMakeTmp'
gmake: *** [Makefile:121: cmTC_50edc/fast] Error 2


Determining if the function gethostbyname exists in the nsl failed with the following output:
Change Dir: /Users/deep/Development/waterloop/wio-packages/pod-server-2019/cmake-build-debug/CMakeFiles/CMakeTmp

Run Build Command:"/usr/local/bin/gmake" "cmTC_57255/fast"
/usr/local/bin/gmake -f CMakeFiles/cmTC_57255.dir/build.make CMakeFiles/cmTC_57255.dir/build
gmake[1]: Entering directory '/Users/deep/Development/waterloop/wio-packages/pod-server-2019/cmake-build-debug/CMakeFiles/CMakeTmp'
Building C object CMakeFiles/cmTC_57255.dir/CheckFunctionExists.c.o
/Applications/Xcode.app/Contents/Developer/Toolchains/XcodeDefault.xctoolchain/usr/bin/cc   -DCHECK_FUNCTION_EXISTS=gethostbyname -isysroot /Applications/Xcode.app/Contents/Developer/Platforms/MacOSX.platform/Developer/SDKs/MacOSX10.14.sdk   -std=c11 -o CMakeFiles/cmTC_57255.dir/CheckFunctionExists.c.o   -c "/Users/deep/Library/Application Support/JetBrains/Toolbox/apps/CLion/ch-0/182.4505.18/CLion.app/Contents/bin/cmake/mac/share/cmake-3.12/Modules/CheckFunctionExists.c"
Linking C executable cmTC_57255
"/Users/deep/Library/Application Support/JetBrains/Toolbox/apps/CLion/ch-0/182.4505.18/CLion.app/Contents/bin/cmake/mac/bin/cmake" -E cmake_link_script CMakeFiles/cmTC_57255.dir/link.txt --verbose=1
/Applications/Xcode.app/Contents/Developer/Toolchains/XcodeDefault.xctoolchain/usr/bin/cc  -DCHECK_FUNCTION_EXISTS=gethostbyname -isysroot /Applications/Xcode.app/Contents/Developer/Platforms/MacOSX.platform/Developer/SDKs/MacOSX10.14.sdk -Wl,-search_paths_first -Wl,-headerpad_max_install_names   CMakeFiles/cmTC_57255.dir/CheckFunctionExists.c.o  -o cmTC_57255  -L/Users/deep/Development/waterloop/wio-packages/pod-server-2019/cmake-build-debug/CMakeFiles/CMakeTmp/nsl.h -Wl,-rpath,/Users/deep/Development/waterloop/wio-packages/pod-server-2019/cmake-build-debug/CMakeFiles/CMakeTmp/nsl.h -lnsl 
ld: warning: directory not found for option '-L/Users/deep/Development/waterloop/wio-packages/pod-server-2019/cmake-build-debug/CMakeFiles/CMakeTmp/nsl.h'
ld: library not found for -lnsl
clang: error: linker command failed with exit code 1 (use -v to see invocation)
gmake[1]: *** [CMakeFiles/cmTC_57255.dir/build.make:87: cmTC_57255] Error 1
gmake[1]: Leaving directory '/Users/deep/Development/waterloop/wio-packages/pod-server-2019/cmake-build-debug/CMakeFiles/CMakeTmp'
gmake: *** [Makefile:121: cmTC_57255/fast] Error 2


Determining if the function perfstat_cpu exists in the perfstat failed with the following output:
Change Dir: /Users/deep/Development/waterloop/wio-packages/pod-server-2019/cmake-build-debug/CMakeFiles/CMakeTmp

Run Build Command:"/usr/local/bin/gmake" "cmTC_d74d6/fast"
/usr/local/bin/gmake -f CMakeFiles/cmTC_d74d6.dir/build.make CMakeFiles/cmTC_d74d6.dir/build
gmake[1]: Entering directory '/Users/deep/Development/waterloop/wio-packages/pod-server-2019/cmake-build-debug/CMakeFiles/CMakeTmp'
Building C object CMakeFiles/cmTC_d74d6.dir/CheckFunctionExists.c.o
/Applications/Xcode.app/Contents/Developer/Toolchains/XcodeDefault.xctoolchain/usr/bin/cc   -DCHECK_FUNCTION_EXISTS=perfstat_cpu -isysroot /Applications/Xcode.app/Contents/Developer/Platforms/MacOSX.platform/Developer/SDKs/MacOSX10.14.sdk   -std=c11 -o CMakeFiles/cmTC_d74d6.dir/CheckFunctionExists.c.o   -c "/Users/deep/Library/Application Support/JetBrains/Toolbox/apps/CLion/ch-0/182.4505.18/CLion.app/Contents/bin/cmake/mac/share/cmake-3.12/Modules/CheckFunctionExists.c"
Linking C executable cmTC_d74d6
"/Users/deep/Library/Application Support/JetBrains/Toolbox/apps/CLion/ch-0/182.4505.18/CLion.app/Contents/bin/cmake/mac/bin/cmake" -E cmake_link_script CMakeFiles/cmTC_d74d6.dir/link.txt --verbose=1
/Applications/Xcode.app/Contents/Developer/Toolchains/XcodeDefault.xctoolchain/usr/bin/cc  -DCHECK_FUNCTION_EXISTS=perfstat_cpu -isysroot /Applications/Xcode.app/Contents/Developer/Platforms/MacOSX.platform/Developer/SDKs/MacOSX10.14.sdk -Wl,-search_paths_first -Wl,-headerpad_max_install_names   CMakeFiles/cmTC_d74d6.dir/CheckFunctionExists.c.o  -o cmTC_d74d6  -L/Users/deep/Development/waterloop/wio-packages/pod-server-2019/cmake-build-debug/CMakeFiles/CMakeTmp/libperfstat.h -Wl,-rpath,/Users/deep/Development/waterloop/wio-packages/pod-server-2019/cmake-build-debug/CMakeFiles/CMakeTmp/libperfstat.h -lperfstat 
ld: warning: directory not found for option '-L/Users/deep/Development/waterloop/wio-packages/pod-server-2019/cmake-build-debug/CMakeFiles/CMakeTmp/libperfstat.h'
ld: library not found for -lperfstat
clang: error: linker command failed with exit code 1 (use -v to see invocation)
gmake[1]: *** [CMakeFiles/cmTC_d74d6.dir/build.make:87: cmTC_d74d6] Error 1
gmake[1]: Leaving directory '/Users/deep/Development/waterloop/wio-packages/pod-server-2019/cmake-build-debug/CMakeFiles/CMakeTmp'
gmake: *** [Makefile:121: cmTC_d74d6/fast] Error 2


Determining if the function clock_gettime exists in the rt failed with the following output:
Change Dir: /Users/deep/Development/waterloop/wio-packages/pod-server-2019/cmake-build-debug/CMakeFiles/CMakeTmp

Run Build Command:"/usr/local/bin/gmake" "cmTC_dc97d/fast"
/usr/local/bin/gmake -f CMakeFiles/cmTC_dc97d.dir/build.make CMakeFiles/cmTC_dc97d.dir/build
gmake[1]: Entering directory '/Users/deep/Development/waterloop/wio-packages/pod-server-2019/cmake-build-debug/CMakeFiles/CMakeTmp'
Building C object CMakeFiles/cmTC_dc97d.dir/CheckFunctionExists.c.o
/Applications/Xcode.app/Contents/Developer/Toolchains/XcodeDefault.xctoolchain/usr/bin/cc   -DCHECK_FUNCTION_EXISTS=clock_gettime -isysroot /Applications/Xcode.app/Contents/Developer/Platforms/MacOSX.platform/Developer/SDKs/MacOSX10.14.sdk   -std=c11 -o CMakeFiles/cmTC_dc97d.dir/CheckFunctionExists.c.o   -c "/Users/deep/Library/Application Support/JetBrains/Toolbox/apps/CLion/ch-0/182.4505.18/CLion.app/Contents/bin/cmake/mac/share/cmake-3.12/Modules/CheckFunctionExists.c"
Linking C executable cmTC_dc97d
"/Users/deep/Library/Application Support/JetBrains/Toolbox/apps/CLion/ch-0/182.4505.18/CLion.app/Contents/bin/cmake/mac/bin/cmake" -E cmake_link_script CMakeFiles/cmTC_dc97d.dir/link.txt --verbose=1
/Applications/Xcode.app/Contents/Developer/Toolchains/XcodeDefault.xctoolchain/usr/bin/cc  -DCHECK_FUNCTION_EXISTS=clock_gettime -isysroot /Applications/Xcode.app/Contents/Developer/Platforms/MacOSX.platform/Developer/SDKs/MacOSX10.14.sdk -Wl,-search_paths_first -Wl,-headerpad_max_install_names   CMakeFiles/cmTC_dc97d.dir/CheckFunctionExists.c.o  -o cmTC_dc97d  -L/Users/deep/Development/waterloop/wio-packages/pod-server-2019/cmake-build-debug/CMakeFiles/CMakeTmp/time.h -Wl,-rpath,/Users/deep/Development/waterloop/wio-packages/pod-server-2019/cmake-build-debug/CMakeFiles/CMakeTmp/time.h -lrt 
ld: warning: directory not found for option '-L/Users/deep/Development/waterloop/wio-packages/pod-server-2019/cmake-build-debug/CMakeFiles/CMakeTmp/time.h'
ld: library not found for -lrt
clang: error: linker command failed with exit code 1 (use -v to see invocation)
gmake[1]: *** [CMakeFiles/cmTC_dc97d.dir/build.make:87: cmTC_dc97d] Error 1
gmake[1]: Leaving directory '/Users/deep/Development/waterloop/wio-packages/pod-server-2019/cmake-build-debug/CMakeFiles/CMakeTmp'
gmake: *** [Makefile:121: cmTC_dc97d/fast] Error 2


Determining if the function sendfile exists in the sendfile failed with the following output:
Change Dir: /Users/deep/Development/waterloop/wio-packages/pod-server-2019/cmake-build-debug/CMakeFiles/CMakeTmp

Run Build Command:"/usr/local/bin/gmake" "cmTC_eb5cc/fast"
/usr/local/bin/gmake -f CMakeFiles/cmTC_eb5cc.dir/build.make CMakeFiles/cmTC_eb5cc.dir/build
gmake[1]: Entering directory '/Users/deep/Development/waterloop/wio-packages/pod-server-2019/cmake-build-debug/CMakeFiles/CMakeTmp'
Building C object CMakeFiles/cmTC_eb5cc.dir/CheckFunctionExists.c.o
/Applications/Xcode.app/Contents/Developer/Toolchains/XcodeDefault.xctoolchain/usr/bin/cc   -DCHECK_FUNCTION_EXISTS=sendfile -isysroot /Applications/Xcode.app/Contents/Developer/Platforms/MacOSX.platform/Developer/SDKs/MacOSX10.14.sdk   -std=c11 -o CMakeFiles/cmTC_eb5cc.dir/CheckFunctionExists.c.o   -c "/Users/deep/Library/Application Support/JetBrains/Toolbox/apps/CLion/ch-0/182.4505.18/CLion.app/Contents/bin/cmake/mac/share/cmake-3.12/Modules/CheckFunctionExists.c"
Linking C executable cmTC_eb5cc
"/Users/deep/Library/Application Support/JetBrains/Toolbox/apps/CLion/ch-0/182.4505.18/CLion.app/Contents/bin/cmake/mac/bin/cmake" -E cmake_link_script CMakeFiles/cmTC_eb5cc.dir/link.txt --verbose=1
/Applications/Xcode.app/Contents/Developer/Toolchains/XcodeDefault.xctoolchain/usr/bin/cc  -DCHECK_FUNCTION_EXISTS=sendfile -isysroot /Applications/Xcode.app/Contents/Developer/Platforms/MacOSX.platform/Developer/SDKs/MacOSX10.14.sdk -Wl,-search_paths_first -Wl,-headerpad_max_install_names   CMakeFiles/cmTC_eb5cc.dir/CheckFunctionExists.c.o  -o cmTC_eb5cc -lsendfile 
ld: library not found for -lsendfile
clang: error: linker command failed with exit code 1 (use -v to see invocation)
gmake[1]: *** [CMakeFiles/cmTC_eb5cc.dir/build.make:87: cmTC_eb5cc] Error 1
gmake[1]: Leaving directory '/Users/deep/Development/waterloop/wio-packages/pod-server-2019/cmake-build-debug/CMakeFiles/CMakeTmp'
gmake: *** [Makefile:121: cmTC_eb5cc/fast] Error 2


